"Severity","ThreadID","Date","Time","Application","Message"
"ERROR","web-0","09/25/2012","21:45:52","","No matching Method/Function for JAVASCRIPTLINKTAG(string)"
"ERROR","web-0","09/25/2012","21:50:19","","missing terminating [#] for expression"
"ERROR","web-0","09/25/2012","21:50:32","","missing terminating [#] for expression"
"ERROR","web-0","09/25/2012","22:01:37","","Page /config/developmet/settings.cfm [/Users/andy/Sites/Cows/mycleancampus/config/developmet/settings.cfm] not found"
"ERROR","web-0","09/25/2012","22:14:27","","missing terminating [#] for expression"
"ERROR","web-0","12/28/2012","22:15:09","","No matching Method/Function [FORMSTARTTAG] for call with named arguments found "
"ERROR","web-0","12/28/2012","22:22:39","","No matching Method/Function [RADIOFIELDTAG] for call with named arguments found "
"ERROR","web-0","12/28/2012","22:22:53","","No matching Method/Function [RADIOTAG] for call with named arguments found "
"ERROR","web-0","12/28/2012","22:48:13","","No matching Method/Function [SUBMITBUTTON] for call with named arguments found "
"ERROR","web-0","12/28/2012","22:48:39","","No matching Method/Function [SUBMITBUTTON] for call with named arguments found "
"ERROR","web-0","12/28/2012","22:48:40","","No matching Method/Function [SUBMITBUTTON] for call with named arguments found "
"ERROR","web-0","12/28/2012","22:48:41","","No matching Method/Function [SUBMITBUTTON] for call with named arguments found "
"ERROR","web-0","03/18/2013","19:32:03","","Syntax Error, Invalid Construct"
"ERROR","web-0","03/19/2013","22:34:18","","No matching Method/Function for DATASOURCE(string)"
"ERROR","web-0","03/19/2013","23:15:01","","Component [models.Model] has no accessible Member with name [ID]; enable [trigger data member] in admininistrator to also invoke getters and setters"
"ERROR","web-0","03/21/2013","21:02:37","","key [PACKAGE] doesn't exist in struct (keys:ENABLED,LICENCEEXPIRY,phone,townCity,referral,ddress,address2,postCode,packageID,email,county,institutionName,fullname)"
"ERROR","web-0","03/21/2013","21:05:58","","key [packages] doesn't exist in struct (keys:AMOUNT)"
"ERROR","web-0","03/21/2013","21:18:52","","The required parameter [data] was not provided."
"ERROR","web-0","03/21/2013","21:19:03","","The required parameter [data] was not provided."
"ERROR","web-0","03/21/2013","21:20:59","","Invalid Syntax Closing [)] not found"
"ERROR","web-0","03/21/2013","21:38:13","","No matching Method/Function for LOADAPPURL()"
"ERROR","web-0","03/21/2013","21:50:16","","too few attributes in function [QUERYSETCELL]"
"ERROR","web-0","03/21/2013","21:50:20","","column [Other] does not exist; columns are [id,uniname,centrelat,centrelon]"
"ERROR","web-0","03/21/2013","22:20:11","","no matching start tag for end tag [cffunction]"
"ERROR","web-0","03/21/2013","22:20:23","","No matching Method/Function [PASSWORD] for call with named arguments found "
"ERROR","web-0","03/21/2013","22:20:53","","No matching Method/Function [PASSWORDTAG] for call with named arguments found "
