"Severity","ThreadID","Date","Time","Application","Message"
"ERROR","web-0","09/25/2012","21:45:52","","No matching Method/Function for JAVASCRIPTLINKTAG(string)
	at railo.runtime.util.VariableUtilImpl.callFunctionWithoutNamedValues(VariableUtilImpl.java:744):744
	at railo.runtime.PageContextImpl.getFunction(PageContextImpl.java:1480):1480
	at views.layout_cfm$cf.call(/Users/andy/Sites/Cows/mycleancampus/views/layout.cfm:5):5
	at railo.runtime.PageContextImpl.doInclude(PageContextImpl.java:799):799
	at railo.runtime.PageContextImpl.doInclude(PageContextImpl.java:746):746
	at wheels.global.cfml_cfm$cf._2(/Users/andy/Sites/Cows/mycleancampus/wheels/global/cfml.cfm:138):138
	at wheels.global.cfml_cfm$cf.udfCall(/Users/andy/Sites/Cows/mycleancampus/wheels/global/cfml.cfm):-1
	at railo.runtime.type.UDFImpl.implementation(UDFImpl.java:215):215
	at railo.runtime.type.UDFImpl._call(UDFImpl.java:434):434
	at railo.runtime.type.UDFImpl.callWithNamedValues(UDFImpl.java:377):377
	at railo.runtime.util.VariableUtilImpl.callFunctionWithNamedValues(VariableUtilImpl.java:774):774
	at railo.runtime.PageContextImpl.getFunctionWithNamedValues(PageContextImpl.java:1495):1495
	at wheels.controller.layouts_cfm$cf.udfCall(/Users/andy/Sites/Cows/mycleancampus/wheels/controller/layouts.cfm:120):120
	at railo.runtime.type.UDFImpl.implementation(UDFImpl.java:215):215
	at railo.runtime.type.UDFImpl._call(UDFImpl.java:434):434
	at railo.runtime.type.UDFImpl.callWithNamedValues(UDFImpl.java:377):377
	at railo.runtime.util.VariableUtilImpl.callFunctionWithNamedValues(VariableUtilImpl.java:774):774
	at railo.runtime.PageContextImpl.getFunctionWithNamedValues(PageContextImpl.java:1495):1495
	at wheels.controller.rendering_cfm$cf._1(/Users/andy/Sites/Cows/mycleancampus/wheels/controller/rendering.cfm:258):258
	at wheels.controller.rendering_cfm$cf.udfCall(/Users/andy/Sites/Cows/mycleancampus/wheels/controller/rendering.cfm):-1
	at railo.runtime.type.UDFImpl.implementation(UDFImpl.java:215):215
	at railo.runtime.type.UDFImpl._call(UDFImpl.java:434):434
	at railo.runtime.type.UDFImpl.callWithNamedValues(UDFImpl.java:377):377
	at railo.runtime.util.VariableUtilImpl.callFunctionWithNamedValues(VariableUtilImpl.java:774):774
	at railo.runtime.PageContextImpl.getFunctionWithNamedValues(PageContextImpl.java:1495):1495
	at wheels.controller.rendering_cfm$cf._1(/Users/andy/Sites/Cows/mycleancampus/wheels/controller/rendering.cfm:68):68
	at wheels.controller.rendering_cfm$cf.udfCall(/Users/andy/Sites/Cows/mycleancampus/wheels/controller/rendering.cfm):-1
	at railo.runtime.type.UDFImpl.implementation(UDFImpl.java:215):215
	at railo.runtime.type.UDFImpl._call(UDFImpl.java:434):434
	at railo.runtime.type.UDFImpl.call(UDFImpl.java:384):384
	at railo.runtime.util.VariableUtilImpl.callFunctionWithoutNamedValues(VariableUtilImpl.java:738):738
	at railo.runtime.PageContextImpl.getFunction(PageContextImpl.java:1480):1480
	at wheels.controller.processing_cfm$cf.udfCall(/Users/andy/Sites/Cows/mycleancampus/wheels/controller/processing.cfm:99):99
	at railo.runtime.type.UDFImpl.implementation(UDFImpl.java:215):215
	at railo.runtime.type.UDFImpl._call(UDFImpl.java:434):434
	at railo.runtime.type.UDFImpl.callWithNamedValues(UDFImpl.java:377):377
	at railo.runtime.util.VariableUtilImpl.callFunctionWithNamedValues(VariableUtilImpl.java:774):774
	at railo.runtime.PageContextImpl.getFunctionWithNamedValues(PageContextImpl.java:1495):1495
	at wheels.controller.processing_cfm$cf.udfCall(/Users/andy/Sites/Cows/mycleancampus/wheels/controller/processing.cfm:60):60
	at railo.runtime.type.UDFImpl.implementation(UDFImpl.java:215):215
	at railo.runtime.type.UDFImpl._call(UDFImpl.java:434):434
	at railo.runtime.type.UDFImpl.call(UDFImpl.java:384):384
	at railo.runtime.ComponentImpl._call(ComponentImpl.java:615):615
	at railo.runtime.ComponentImpl._call(ComponentImpl.java:502):502
	at railo.runtime.ComponentImpl.call(ComponentImpl.java:1815):1815
	at railo.runtime.util.VariableUtilImpl.callFunctionWithoutNamedValues(VariableUtilImpl.java:733):733
	at railo.runtime.PageContextImpl.getFunction(PageContextImpl.java:1480):1480
	at wheels.dispatch.request_cfm$cf._1(/Users/andy/Sites/Cows/mycleancampus/wheels/dispatch/request.cfm:167):167
	at wheels.dispatch.request_cfm$cf.udfCall(/Users/andy/Sites/Cows/mycleancampus/wheels/dispatch/request.cfm):-1
	at railo.runtime.type.UDFImpl.implementation(UDFImpl.java:215):215
	at railo.runtime.type.UDFImpl._call(UDFImpl.java:434):434
	at railo.runtime.type.UDFImpl.call(UDFImpl.java:384):384
	at railo.runtime.ComponentImpl._call(ComponentImpl.java:615):615
	at railo.runtime.ComponentImpl._call(ComponentImpl.java:502):502
	at railo.runtime.ComponentImpl.call(ComponentImpl.java:1815):1815
	at railo.runtime.util.VariableUtilImpl.callFunctionWithoutNamedValues(VariableUtilImpl.java:733):733
	at railo.runtime.PageContextImpl.getFunction(PageContextImpl.java:1480):1480
	at wheels.index_cfm$cf.call(/Users/andy/Sites/Cows/mycleancampus/wheels/index.cfm:1):1
	at railo.runtime.PageContextImpl.doInclude(PageContextImpl.java:799):799
	at railo.runtime.PageContextImpl.doInclude(PageContextImpl.java:746):746
	at rewrite_cfm$cf.call(/Users/andy/Sites/Cows/mycleancampus/rewrite.cfm:1):1
	at railo.runtime.PageContextImpl.doInclude(PageContextImpl.java:799):799
	at railo.runtime.PageContextImpl.doInclude(PageContextImpl.java:746):746
	at wheels.events.onrequest_cfm$cf.udfCall(/Users/andy/Sites/Cows/mycleancampus/wheels/events/onrequest.cfm:1):1
	at railo.runtime.type.UDFImpl.implementation(UDFImpl.java:215):215
	at railo.runtime.type.UDFImpl._call(UDFImpl.java:434):434
	at railo.runtime.type.UDFImpl.call(UDFImpl.java:384):384
	at railo.runtime.ComponentImpl._call(ComponentImpl.java:615):615
	at railo.runtime.ComponentImpl._call(ComponentImpl.java:502):502
	at railo.runtime.ComponentImpl.call(ComponentImpl.java:1815):1815
	at railo.runtime.listener.ModernAppListener.call(ModernAppListener.java:349):349
	at railo.runtime.listener.ModernAppListener._onRequest(ModernAppListener.java:174):174
	at railo.runtime.listener.MixedAppListener.onRequest(MixedAppListener.java:23):23
	at railo.runtime.PageContextImpl.execute(PageContextImpl.java:2035):2035
	at railo.runtime.PageContextImpl.execute(PageContextImpl.java:2002):2002
	at railo.runtime.engine.CFMLEngineImpl.serviceCFML(CFMLEngineImpl.java:297):297
	at railo.loader.servlet.CFMLServlet.service(CFMLServlet.java:32):32
	at javax.servlet.http.HttpServlet.service(HttpServlet.java:96):96
	at com.caucho.server.dispatch.ServletFilterChain.doFilter(ServletFilterChain.java:109):109
	at com.caucho.server.webapp.DispatchFilterChain.doFilter(DispatchFilterChain.java:126):126
	at com.caucho.server.dispatch.ServletInvocation.service(ServletInvocation.java:289):289
	at com.caucho.server.webapp.RequestDispatcherImpl.forward(RequestDispatcherImpl.java:298):298
	at com.caucho.server.webapp.RequestDispatcherImpl.forward(RequestDispatcherImpl.java:116):116
	at com.caucho.server.dispatch.ForwardFilterChain.doFilter(ForwardFilterChain.java:95):95
	at com.caucho.server.webapp.WebAppFilterChain.doFilter(WebAppFilterChain.java:156):156
	at com.caucho.server.webapp.AccessLogFilterChain.doFilter(AccessLogFilterChain.java:95):95
	at com.caucho.server.dispatch.ServletInvocation.service(ServletInvocation.java:289):289
	at com.caucho.server.http.HttpRequest.handleRequest(HttpRequest.java:811):811
	at com.caucho.network.listen.TcpSocketLink.dispatchRequest(TcpSocketLink.java:1203):1203
	at com.caucho.network.listen.TcpSocketLink.handleRequest(TcpSocketLink.java:1164):1164
	at com.caucho.network.listen.TcpSocketLink.handleRequestsImpl(TcpSocketLink.java:1148):1148
	at com.caucho.network.listen.TcpSocketLink.handleRequests(TcpSocketLink.java:1071):1071
	at com.caucho.network.listen.TcpSocketLink.handleAcceptTask(TcpSocketLink.java:907):907
	at com.caucho.network.listen.AcceptTask.doTask(AcceptTask.java:74):74
	at com.caucho.network.listen.ConnectionTask.runThread(ConnectionTask.java:97):97
	at com.caucho.network.listen.ConnectionTask.run(ConnectionTask.java:80):80
	at com.caucho.network.listen.AcceptTask.run(AcceptTask.java:59):59
	at com.caucho.env.thread.ResinThread.runTasks(ResinThread.java:164):164
	at com.caucho.env.thread.ResinThread.run(ResinThread.java:130):130
"
"ERROR","web-0","09/25/2012","21:50:19","","missing terminating [#] for expression
	at railo.transformer.cfml.tag.CFMLTransformer.literal(CFMLTransformer.java:435):435
	at railo.transformer.cfml.tag.CFMLTransformer.body(CFMLTransformer.java:341):341
	at railo.transformer.cfml.tag.CFMLTransformer.body(CFMLTransformer.java:345):345
	at railo.transformer.cfml.tag.CFMLTransformer.tag(CFMLTransformer.java:635):635
	at railo.transformer.cfml.tag.CFMLTransformer.body(CFMLTransformer.java:337):337
	at railo.transformer.cfml.tag.CFMLTransformer.transform(CFMLTransformer.java:280):280
	at railo.transformer.cfml.tag.CFMLTransformer.transform(CFMLTransformer.java:154):154
	at railo.runtime.compiler.CFMLCompilerImpl.compile(CFMLCompilerImpl.java:53):53
	at railo.runtime.PageSourceImpl._compile(PageSourceImpl.java:285):285
	at railo.runtime.PageSourceImpl.compile(PageSourceImpl.java:268):268
	at railo.runtime.PageSourceImpl.loadPhysical(PageSourceImpl.java:212):212
	at railo.runtime.PageSourceImpl.loadPage(PageSourceImpl.java:155):155
	at railo.runtime.PageSourceImpl.loadPage(PageSourceImpl.java:843):843
	at railo.runtime.PageContextImpl.doInclude(PageContextImpl.java:795):795
	at railo.runtime.PageContextImpl.doInclude(PageContextImpl.java:746):746
	at wheels.global.cfml_cfm$cf._2(/Users/andy/Sites/Cows/mycleancampus/wheels/global/cfml.cfm:138):138
	at wheels.global.cfml_cfm$cf.udfCall(/Users/andy/Sites/Cows/mycleancampus/wheels/global/cfml.cfm):-1
	at railo.runtime.type.UDFImpl.implementation(UDFImpl.java:215):215
	at railo.runtime.type.UDFImpl._call(UDFImpl.java:434):434
	at railo.runtime.type.UDFImpl.callWithNamedValues(UDFImpl.java:377):377
	at railo.runtime.util.VariableUtilImpl.callFunctionWithNamedValues(VariableUtilImpl.java:774):774
	at railo.runtime.PageContextImpl.getFunctionWithNamedValues(PageContextImpl.java:1495):1495
	at wheels.controller.layouts_cfm$cf.udfCall(/Users/andy/Sites/Cows/mycleancampus/wheels/controller/layouts.cfm:120):120
	at railo.runtime.type.UDFImpl.implementation(UDFImpl.java:215):215
	at railo.runtime.type.UDFImpl._call(UDFImpl.java:434):434
	at railo.runtime.type.UDFImpl.callWithNamedValues(UDFImpl.java:377):377
	at railo.runtime.util.VariableUtilImpl.callFunctionWithNamedValues(VariableUtilImpl.java:774):774
	at railo.runtime.PageContextImpl.getFunctionWithNamedValues(PageContextImpl.java:1495):1495
	at wheels.controller.rendering_cfm$cf._1(/Users/andy/Sites/Cows/mycleancampus/wheels/controller/rendering.cfm:258):258
	at wheels.controller.rendering_cfm$cf.udfCall(/Users/andy/Sites/Cows/mycleancampus/wheels/controller/rendering.cfm):-1
	at railo.runtime.type.UDFImpl.implementation(UDFImpl.java:215):215
	at railo.runtime.type.UDFImpl._call(UDFImpl.java:434):434
	at railo.runtime.type.UDFImpl.callWithNamedValues(UDFImpl.java:377):377
	at railo.runtime.util.VariableUtilImpl.callFunctionWithNamedValues(VariableUtilImpl.java:774):774
	at railo.runtime.PageContextImpl.getFunctionWithNamedValues(PageContextImpl.java:1495):1495
	at wheels.controller.rendering_cfm$cf._1(/Users/andy/Sites/Cows/mycleancampus/wheels/controller/rendering.cfm:68):68
	at wheels.controller.rendering_cfm$cf.udfCall(/Users/andy/Sites/Cows/mycleancampus/wheels/controller/rendering.cfm):-1
	at railo.runtime.type.UDFImpl.implementation(UDFImpl.java:215):215
	at railo.runtime.type.UDFImpl._call(UDFImpl.java:434):434
	at railo.runtime.type.UDFImpl.call(UDFImpl.java:384):384
	at railo.runtime.util.VariableUtilImpl.callFunctionWithoutNamedValues(VariableUtilImpl.java:738):738
	at railo.runtime.PageContextImpl.getFunction(PageContextImpl.java:1480):1480
	at wheels.controller.processing_cfm$cf.udfCall(/Users/andy/Sites/Cows/mycleancampus/wheels/controller/processing.cfm:99):99
	at railo.runtime.type.UDFImpl.implementation(UDFImpl.java:215):215
	at railo.runtime.type.UDFImpl._call(UDFImpl.java:434):434
	at railo.runtime.type.UDFImpl.callWithNamedValues(UDFImpl.java:377):377
	at railo.runtime.util.VariableUtilImpl.callFunctionWithNamedValues(VariableUtilImpl.java:774):774
	at railo.runtime.PageContextImpl.getFunctionWithNamedValues(PageContextImpl.java:1495):1495
	at wheels.controller.processing_cfm$cf.udfCall(/Users/andy/Sites/Cows/mycleancampus/wheels/controller/processing.cfm:60):60
	at railo.runtime.type.UDFImpl.implementation(UDFImpl.java:215):215
	at railo.runtime.type.UDFImpl._call(UDFImpl.java:434):434
	at railo.runtime.type.UDFImpl.call(UDFImpl.java:384):384
	at railo.runtime.ComponentImpl._call(ComponentImpl.java:615):615
	at railo.runtime.ComponentImpl._call(ComponentImpl.java:502):502
	at railo.runtime.ComponentImpl.call(ComponentImpl.java:1815):1815
	at railo.runtime.util.VariableUtilImpl.callFunctionWithoutNamedValues(VariableUtilImpl.java:733):733
	at railo.runtime.PageContextImpl.getFunction(PageContextImpl.java:1480):1480
	at wheels.dispatch.request_cfm$cf._1(/Users/andy/Sites/Cows/mycleancampus/wheels/dispatch/request.cfm:167):167
	at wheels.dispatch.request_cfm$cf.udfCall(/Users/andy/Sites/Cows/mycleancampus/wheels/dispatch/request.cfm):-1
	at railo.runtime.type.UDFImpl.implementation(UDFImpl.java:215):215
	at railo.runtime.type.UDFImpl._call(UDFImpl.java:434):434
	at railo.runtime.type.UDFImpl.call(UDFImpl.java:384):384
	at railo.runtime.ComponentImpl._call(ComponentImpl.java:615):615
	at railo.runtime.ComponentImpl._call(ComponentImpl.java:502):502
	at railo.runtime.ComponentImpl.call(ComponentImpl.java:1815):1815
	at railo.runtime.util.VariableUtilImpl.callFunctionWithoutNamedValues(VariableUtilImpl.java:733):733
	at railo.runtime.PageContextImpl.getFunction(PageContextImpl.java:1480):1480
	at wheels.index_cfm$cf.call(/Users/andy/Sites/Cows/mycleancampus/wheels/index.cfm:1):1
	at railo.runtime.PageContextImpl.doInclude(PageContextImpl.java:799):799
	at railo.runtime.PageContextImpl.doInclude(PageContextImpl.java:746):746
	at rewrite_cfm$cf.call(/Users/andy/Sites/Cows/mycleancampus/rewrite.cfm:1):1
	at railo.runtime.PageContextImpl.doInclude(PageContextImpl.java:799):799
	at railo.runtime.PageContextImpl.doInclude(PageContextImpl.java:746):746
	at wheels.events.onrequest_cfm$cf.udfCall(/Users/andy/Sites/Cows/mycleancampus/wheels/events/onrequest.cfm:1):1
	at railo.runtime.type.UDFImpl.implementation(UDFImpl.java:215):215
	at railo.runtime.type.UDFImpl._call(UDFImpl.java:434):434
	at railo.runtime.type.UDFImpl.call(UDFImpl.java:384):384
	at railo.runtime.ComponentImpl._call(ComponentImpl.java:615):615
	at railo.runtime.ComponentImpl._call(ComponentImpl.java:502):502
	at railo.runtime.ComponentImpl.call(ComponentImpl.java:1815):1815
	at railo.runtime.listener.ModernAppListener.call(ModernAppListener.java:349):349
	at railo.runtime.listener.ModernAppListener._onRequest(ModernAppListener.java:174):174
	at railo.runtime.listener.MixedAppListener.onRequest(MixedAppListener.java:23):23
	at railo.runtime.PageContextImpl.execute(PageContextImpl.java:2035):2035
	at railo.runtime.PageContextImpl.execute(PageContextImpl.java:2002):2002
	at railo.runtime.engine.CFMLEngineImpl.serviceCFML(CFMLEngineImpl.java:297):297
	at railo.loader.servlet.CFMLServlet.service(CFMLServlet.java:32):32
	at javax.servlet.http.HttpServlet.service(HttpServlet.java:96):96
	at com.caucho.server.dispatch.ServletFilterChain.doFilter(ServletFilterChain.java:109):109
	at com.caucho.server.webapp.DispatchFilterChain.doFilter(DispatchFilterChain.java:126):126
	at com.caucho.server.dispatch.ServletInvocation.service(ServletInvocation.java:289):289
	at com.caucho.server.webapp.RequestDispatcherImpl.forward(RequestDispatcherImpl.java:298):298
	at com.caucho.server.webapp.RequestDispatcherImpl.forward(RequestDispatcherImpl.java:116):116
	at com.caucho.server.dispatch.ForwardFilterChain.doFilter(ForwardFilterChain.java:95):95
	at com.caucho.server.webapp.WebAppFilterChain.doFilter(WebAppFilterChain.java:156):156
	at com.caucho.server.webapp.AccessLogFilterChain.doFilter(AccessLogFilterChain.java:95):95
	at com.caucho.server.dispatch.ServletInvocation.service(ServletInvocation.java:289):289
	at com.caucho.server.http.HttpRequest.handleRequest(HttpRequest.java:811):811
	at com.caucho.network.listen.TcpSocketLink.dispatchRequest(TcpSocketLink.java:1203):1203
	at com.caucho.network.listen.TcpSocketLink.handleRequest(TcpSocketLink.java:1164):1164
	at com.caucho.network.listen.TcpSocketLink.handleRequestsImpl(TcpSocketLink.java:1148):1148
	at com.caucho.network.listen.TcpSocketLink.handleRequests(TcpSocketLink.java:1071):1071
	at com.caucho.network.listen.TcpSocketLink.handleAcceptTask(TcpSocketLink.java:907):907
	at com.caucho.network.listen.AcceptTask.doTask(AcceptTask.java:74):74
	at com.caucho.network.listen.ConnectionTask.runThread(ConnectionTask.java:97):97
	at com.caucho.network.listen.ConnectionTask.run(ConnectionTask.java:80):80
	at com.caucho.network.listen.AcceptTask.run(AcceptTask.java:59):59
	at com.caucho.env.thread.ResinThread.runTasks(ResinThread.java:164):164
	at com.caucho.env.thread.ResinThread.run(ResinThread.java:130):130
"
"ERROR","web-0","09/25/2012","21:50:32","","missing terminating [#] for expression
	at railo.transformer.cfml.tag.CFMLTransformer.literal(CFMLTransformer.java:435):435
	at railo.transformer.cfml.tag.CFMLTransformer.body(CFMLTransformer.java:341):341
	at railo.transformer.cfml.tag.CFMLTransformer.body(CFMLTransformer.java:345):345
	at railo.transformer.cfml.tag.CFMLTransformer.body(CFMLTransformer.java:345):345
	at railo.transformer.cfml.tag.CFMLTransformer.tag(CFMLTransformer.java:635):635
	at railo.transformer.cfml.tag.CFMLTransformer.body(CFMLTransformer.java:337):337
	at railo.transformer.cfml.tag.CFMLTransformer.transform(CFMLTransformer.java:280):280
	at railo.transformer.cfml.tag.CFMLTransformer.transform(CFMLTransformer.java:154):154
	at railo.runtime.compiler.CFMLCompilerImpl.compile(CFMLCompilerImpl.java:53):53
	at railo.runtime.PageSourceImpl._compile(PageSourceImpl.java:285):285
	at railo.runtime.PageSourceImpl.compile(PageSourceImpl.java:268):268
	at railo.runtime.PageSourceImpl.loadPhysical(PageSourceImpl.java:212):212
	at railo.runtime.PageSourceImpl.loadPage(PageSourceImpl.java:155):155
	at railo.runtime.PageSourceImpl.loadPage(PageSourceImpl.java:843):843
	at railo.runtime.PageContextImpl.doInclude(PageContextImpl.java:795):795
	at railo.runtime.PageContextImpl.doInclude(PageContextImpl.java:746):746
	at wheels.global.cfml_cfm$cf._2(/Users/andy/Sites/Cows/mycleancampus/wheels/global/cfml.cfm:138):138
	at wheels.global.cfml_cfm$cf.udfCall(/Users/andy/Sites/Cows/mycleancampus/wheels/global/cfml.cfm):-1
	at railo.runtime.type.UDFImpl.implementation(UDFImpl.java:215):215
	at railo.runtime.type.UDFImpl._call(UDFImpl.java:434):434
	at railo.runtime.type.UDFImpl.callWithNamedValues(UDFImpl.java:377):377
	at railo.runtime.util.VariableUtilImpl.callFunctionWithNamedValues(VariableUtilImpl.java:774):774
	at railo.runtime.PageContextImpl.getFunctionWithNamedValues(PageContextImpl.java:1495):1495
	at wheels.controller.layouts_cfm$cf.udfCall(/Users/andy/Sites/Cows/mycleancampus/wheels/controller/layouts.cfm:120):120
	at railo.runtime.type.UDFImpl.implementation(UDFImpl.java:215):215
	at railo.runtime.type.UDFImpl._call(UDFImpl.java:434):434
	at railo.runtime.type.UDFImpl.callWithNamedValues(UDFImpl.java:377):377
	at railo.runtime.util.VariableUtilImpl.callFunctionWithNamedValues(VariableUtilImpl.java:774):774
	at railo.runtime.PageContextImpl.getFunctionWithNamedValues(PageContextImpl.java:1495):1495
	at wheels.controller.rendering_cfm$cf._1(/Users/andy/Sites/Cows/mycleancampus/wheels/controller/rendering.cfm:258):258
	at wheels.controller.rendering_cfm$cf.udfCall(/Users/andy/Sites/Cows/mycleancampus/wheels/controller/rendering.cfm):-1
	at railo.runtime.type.UDFImpl.implementation(UDFImpl.java:215):215
	at railo.runtime.type.UDFImpl._call(UDFImpl.java:434):434
	at railo.runtime.type.UDFImpl.callWithNamedValues(UDFImpl.java:377):377
	at railo.runtime.util.VariableUtilImpl.callFunctionWithNamedValues(VariableUtilImpl.java:774):774
	at railo.runtime.PageContextImpl.getFunctionWithNamedValues(PageContextImpl.java:1495):1495
	at wheels.controller.rendering_cfm$cf._1(/Users/andy/Sites/Cows/mycleancampus/wheels/controller/rendering.cfm:68):68
	at wheels.controller.rendering_cfm$cf.udfCall(/Users/andy/Sites/Cows/mycleancampus/wheels/controller/rendering.cfm):-1
	at railo.runtime.type.UDFImpl.implementation(UDFImpl.java:215):215
	at railo.runtime.type.UDFImpl._call(UDFImpl.java:434):434
	at railo.runtime.type.UDFImpl.call(UDFImpl.java:384):384
	at railo.runtime.util.VariableUtilImpl.callFunctionWithoutNamedValues(VariableUtilImpl.java:738):738
	at railo.runtime.PageContextImpl.getFunction(PageContextImpl.java:1480):1480
	at wheels.controller.processing_cfm$cf.udfCall(/Users/andy/Sites/Cows/mycleancampus/wheels/controller/processing.cfm:99):99
	at railo.runtime.type.UDFImpl.implementation(UDFImpl.java:215):215
	at railo.runtime.type.UDFImpl._call(UDFImpl.java:434):434
	at railo.runtime.type.UDFImpl.callWithNamedValues(UDFImpl.java:377):377
	at railo.runtime.util.VariableUtilImpl.callFunctionWithNamedValues(VariableUtilImpl.java:774):774
	at railo.runtime.PageContextImpl.getFunctionWithNamedValues(PageContextImpl.java:1495):1495
	at wheels.controller.processing_cfm$cf.udfCall(/Users/andy/Sites/Cows/mycleancampus/wheels/controller/processing.cfm:60):60
	at railo.runtime.type.UDFImpl.implementation(UDFImpl.java:215):215
	at railo.runtime.type.UDFImpl._call(UDFImpl.java:434):434
	at railo.runtime.type.UDFImpl.call(UDFImpl.java:384):384
	at railo.runtime.ComponentImpl._call(ComponentImpl.java:615):615
	at railo.runtime.ComponentImpl._call(ComponentImpl.java:502):502
	at railo.runtime.ComponentImpl.call(ComponentImpl.java:1815):1815
	at railo.runtime.util.VariableUtilImpl.callFunctionWithoutNamedValues(VariableUtilImpl.java:733):733
	at railo.runtime.PageContextImpl.getFunction(PageContextImpl.java:1480):1480
	at wheels.dispatch.request_cfm$cf._1(/Users/andy/Sites/Cows/mycleancampus/wheels/dispatch/request.cfm:167):167
	at wheels.dispatch.request_cfm$cf.udfCall(/Users/andy/Sites/Cows/mycleancampus/wheels/dispatch/request.cfm):-1
	at railo.runtime.type.UDFImpl.implementation(UDFImpl.java:215):215
	at railo.runtime.type.UDFImpl._call(UDFImpl.java:434):434
	at railo.runtime.type.UDFImpl.call(UDFImpl.java:384):384
	at railo.runtime.ComponentImpl._call(ComponentImpl.java:615):615
	at railo.runtime.ComponentImpl._call(ComponentImpl.java:502):502
	at railo.runtime.ComponentImpl.call(ComponentImpl.java:1815):1815
	at railo.runtime.util.VariableUtilImpl.callFunctionWithoutNamedValues(VariableUtilImpl.java:733):733
	at railo.runtime.PageContextImpl.getFunction(PageContextImpl.java:1480):1480
	at wheels.index_cfm$cf.call(/Users/andy/Sites/Cows/mycleancampus/wheels/index.cfm:1):1
	at railo.runtime.PageContextImpl.doInclude(PageContextImpl.java:799):799
	at railo.runtime.PageContextImpl.doInclude(PageContextImpl.java:746):746
	at rewrite_cfm$cf.call(/Users/andy/Sites/Cows/mycleancampus/rewrite.cfm:1):1
	at railo.runtime.PageContextImpl.doInclude(PageContextImpl.java:799):799
	at railo.runtime.PageContextImpl.doInclude(PageContextImpl.java:746):746
	at wheels.events.onrequest_cfm$cf.udfCall(/Users/andy/Sites/Cows/mycleancampus/wheels/events/onrequest.cfm:1):1
	at railo.runtime.type.UDFImpl.implementation(UDFImpl.java:215):215
	at railo.runtime.type.UDFImpl._call(UDFImpl.java:434):434
	at railo.runtime.type.UDFImpl.call(UDFImpl.java:384):384
	at railo.runtime.ComponentImpl._call(ComponentImpl.java:615):615
	at railo.runtime.ComponentImpl._call(ComponentImpl.java:502):502
	at railo.runtime.ComponentImpl.call(ComponentImpl.java:1815):1815
	at railo.runtime.listener.ModernAppListener.call(ModernAppListener.java:349):349
	at railo.runtime.listener.ModernAppListener._onRequest(ModernAppListener.java:174):174
	at railo.runtime.listener.MixedAppListener.onRequest(MixedAppListener.java:23):23
	at railo.runtime.PageContextImpl.execute(PageContextImpl.java:2035):2035
	at railo.runtime.PageContextImpl.execute(PageContextImpl.java:2002):2002
	at railo.runtime.engine.CFMLEngineImpl.serviceCFML(CFMLEngineImpl.java:297):297
	at railo.loader.servlet.CFMLServlet.service(CFMLServlet.java:32):32
	at javax.servlet.http.HttpServlet.service(HttpServlet.java:96):96
	at com.caucho.server.dispatch.ServletFilterChain.doFilter(ServletFilterChain.java:109):109
	at com.caucho.server.webapp.DispatchFilterChain.doFilter(DispatchFilterChain.java:126):126
	at com.caucho.server.dispatch.ServletInvocation.service(ServletInvocation.java:289):289
	at com.caucho.server.webapp.RequestDispatcherImpl.forward(RequestDispatcherImpl.java:298):298
	at com.caucho.server.webapp.RequestDispatcherImpl.forward(RequestDispatcherImpl.java:116):116
	at com.caucho.server.dispatch.ForwardFilterChain.doFilter(ForwardFilterChain.java:95):95
	at com.caucho.server.webapp.WebAppFilterChain.doFilter(WebAppFilterChain.java:156):156
	at com.caucho.server.webapp.AccessLogFilterChain.doFilter(AccessLogFilterChain.java:95):95
	at com.caucho.server.dispatch.ServletInvocation.service(ServletInvocation.java:289):289
	at com.caucho.server.http.HttpRequest.handleRequest(HttpRequest.java:811):811
	at com.caucho.network.listen.TcpSocketLink.dispatchRequest(TcpSocketLink.java:1203):1203
	at com.caucho.network.listen.TcpSocketLink.handleRequest(TcpSocketLink.java:1164):1164
	at com.caucho.network.listen.TcpSocketLink.handleRequestsImpl(TcpSocketLink.java:1148):1148
	at com.caucho.network.listen.TcpSocketLink.handleRequests(TcpSocketLink.java:1071):1071
	at com.caucho.network.listen.TcpSocketLink.handleAcceptTask(TcpSocketLink.java:907):907
	at com.caucho.network.listen.AcceptTask.doTask(AcceptTask.java:74):74
	at com.caucho.network.listen.ConnectionTask.runThread(ConnectionTask.java:97):97
	at com.caucho.network.listen.ConnectionTask.run(ConnectionTask.java:80):80
	at com.caucho.network.listen.AcceptTask.run(AcceptTask.java:59):59
	at com.caucho.env.thread.ResinThread.runTasks(ResinThread.java:164):164
	at com.caucho.env.thread.ResinThread.run(ResinThread.java:130):130
"
"ERROR","web-0","09/25/2012","22:01:37","","Page /config/developmet/settings.cfm [/Users/andy/Sites/Cows/mycleancampus/config/developmet/settings.cfm] not found
	at railo.runtime.PageSourceImpl.loadPage(PageSourceImpl.java:846):846
	at railo.runtime.PageContextImpl.doInclude(PageContextImpl.java:795):795
	at railo.runtime.PageContextImpl.doInclude(PageContextImpl.java:746):746
	at wheels.global.cfml_cfm$cf._2(/Users/andy/Sites/Cows/mycleancampus/wheels/global/cfml.cfm:121):121
	at wheels.global.cfml_cfm$cf.udfCall(/Users/andy/Sites/Cows/mycleancampus/wheels/global/cfml.cfm):-1
	at railo.runtime.type.UDFImpl.implementation(UDFImpl.java:215):215
	at railo.runtime.type.UDFImpl._call(UDFImpl.java:434):434
	at railo.runtime.type.UDFImpl.callWithNamedValues(UDFImpl.java:377):377
	at railo.runtime.util.VariableUtilImpl.callFunctionWithNamedValues(VariableUtilImpl.java:774):774
	at railo.runtime.PageContextImpl.getFunctionWithNamedValues(PageContextImpl.java:1495):1495
	at wheels.events.onapplicationstart_cfm$cf.udfCall(/Users/andy/Sites/Cows/mycleancampus/wheels/events/onapplicationstart.cfm:92):92
	at railo.runtime.type.UDFImpl.implementation(UDFImpl.java:215):215
	at railo.runtime.type.UDFImpl._call(UDFImpl.java:434):434
	at railo.runtime.type.UDFImpl.callWithNamedValues(UDFImpl.java:377):377
	at railo.runtime.tag.Invoke.doFunction(Invoke.java:224):224
	at railo.runtime.tag.Invoke.doEndTag(Invoke.java:191):191
	at wheels.global.cfml_cfm$cf._1(/Users/andy/Sites/Cows/mycleancampus/wheels/global/cfml.cfm:44):44
	at wheels.global.cfml_cfm$cf.udfCall(/Users/andy/Sites/Cows/mycleancampus/wheels/global/cfml.cfm):-1
	at railo.runtime.type.UDFImpl.implementation(UDFImpl.java:215):215
	at railo.runtime.type.UDFImpl._call(UDFImpl.java:434):434
	at railo.runtime.type.UDFImpl.callWithNamedValues(UDFImpl.java:377):377
	at railo.runtime.util.VariableUtilImpl.callFunctionWithNamedValues(VariableUtilImpl.java:774):774
	at railo.runtime.PageContextImpl.getFunctionWithNamedValues(PageContextImpl.java:1495):1495
	at wheels.events.onrequeststart_cfm$cf.udfCall(/Users/andy/Sites/Cows/mycleancampus/wheels/events/onrequeststart.cfm:19):19
	at railo.runtime.type.UDFImpl.implementation(UDFImpl.java:215):215
	at railo.runtime.type.UDFImpl._call(UDFImpl.java:434):434
	at railo.runtime.type.UDFImpl.call(UDFImpl.java:384):384
	at railo.runtime.ComponentImpl._call(ComponentImpl.java:615):615
	at railo.runtime.ComponentImpl._call(ComponentImpl.java:502):502
	at railo.runtime.ComponentImpl.call(ComponentImpl.java:1815):1815
	at railo.runtime.listener.ModernAppListener.call(ModernAppListener.java:349):349
	at railo.runtime.listener.ModernAppListener._onRequest(ModernAppListener.java:106):106
	at railo.runtime.listener.MixedAppListener.onRequest(MixedAppListener.java:23):23
	at railo.runtime.PageContextImpl.execute(PageContextImpl.java:2035):2035
	at railo.runtime.PageContextImpl.execute(PageContextImpl.java:2002):2002
	at railo.runtime.engine.CFMLEngineImpl.serviceCFML(CFMLEngineImpl.java:297):297
	at railo.loader.servlet.CFMLServlet.service(CFMLServlet.java:32):32
	at javax.servlet.http.HttpServlet.service(HttpServlet.java:96):96
	at com.caucho.server.dispatch.ServletFilterChain.doFilter(ServletFilterChain.java:109):109
	at com.caucho.server.webapp.DispatchFilterChain.doFilter(DispatchFilterChain.java:126):126
	at com.caucho.server.dispatch.ServletInvocation.service(ServletInvocation.java:289):289
	at com.caucho.server.webapp.RequestDispatcherImpl.forward(RequestDispatcherImpl.java:298):298
	at com.caucho.server.webapp.RequestDispatcherImpl.forward(RequestDispatcherImpl.java:116):116
	at com.caucho.server.dispatch.ForwardFilterChain.doFilter(ForwardFilterChain.java:95):95
	at com.caucho.server.webapp.WebAppFilterChain.doFilter(WebAppFilterChain.java:156):156
	at com.caucho.server.webapp.AccessLogFilterChain.doFilter(AccessLogFilterChain.java:95):95
	at com.caucho.server.dispatch.ServletInvocation.service(ServletInvocation.java:289):289
	at com.caucho.server.http.HttpRequest.handleRequest(HttpRequest.java:811):811
	at com.caucho.network.listen.TcpSocketLink.dispatchRequest(TcpSocketLink.java:1203):1203
	at com.caucho.network.listen.TcpSocketLink.handleRequest(TcpSocketLink.java:1164):1164
	at com.caucho.network.listen.TcpSocketLink.handleRequestsImpl(TcpSocketLink.java:1148):1148
	at com.caucho.network.listen.TcpSocketLink.handleRequests(TcpSocketLink.java:1071):1071
	at com.caucho.network.listen.TcpSocketLink.handleAcceptTask(TcpSocketLink.java:907):907
	at com.caucho.network.listen.AcceptTask.doTask(AcceptTask.java:74):74
	at com.caucho.network.listen.ConnectionTask.runThread(ConnectionTask.java:97):97
	at com.caucho.network.listen.ConnectionTask.run(ConnectionTask.java:80):80
	at com.caucho.network.listen.AcceptTask.run(AcceptTask.java:59):59
	at com.caucho.env.thread.ResinThread.runTasks(ResinThread.java:164):164
	at com.caucho.env.thread.ResinThread.run(ResinThread.java:130):130
"
"ERROR","web-0","09/25/2012","22:14:27","","missing terminating [#] for expression
	at railo.transformer.cfml.tag.CFMLTransformer.literal(CFMLTransformer.java:435):435
	at railo.transformer.cfml.tag.CFMLTransformer.body(CFMLTransformer.java:341):341
	at railo.transformer.cfml.tag.CFMLTransformer.body(CFMLTransformer.java:345):345
	at railo.transformer.cfml.tag.CFMLTransformer.body(CFMLTransformer.java:345):345
	at railo.transformer.cfml.tag.CFMLTransformer.tag(CFMLTransformer.java:635):635
	at railo.transformer.cfml.tag.CFMLTransformer.body(CFMLTransformer.java:337):337
	at railo.transformer.cfml.tag.CFMLTransformer.transform(CFMLTransformer.java:280):280
	at railo.transformer.cfml.tag.CFMLTransformer.transform(CFMLTransformer.java:154):154
	at railo.runtime.compiler.CFMLCompilerImpl.compile(CFMLCompilerImpl.java:53):53
	at railo.runtime.PageSourceImpl._compile(PageSourceImpl.java:285):285
	at railo.runtime.PageSourceImpl.compile(PageSourceImpl.java:268):268
	at railo.runtime.PageSourceImpl.loadPhysical(PageSourceImpl.java:244):244
	at railo.runtime.PageSourceImpl.loadPage(PageSourceImpl.java:155):155
	at railo.runtime.PageSourceImpl.loadPage(PageSourceImpl.java:843):843
	at railo.runtime.PageContextImpl.doInclude(PageContextImpl.java:795):795
	at railo.runtime.PageContextImpl.doInclude(PageContextImpl.java:746):746
	at wheels.global.cfml_cfm$cf._2(/Users/andy/Sites/Cows/mycleancampus/wheels/global/cfml.cfm:138):138
	at wheels.global.cfml_cfm$cf.udfCall(/Users/andy/Sites/Cows/mycleancampus/wheels/global/cfml.cfm):-1
	at railo.runtime.type.UDFImpl.implementation(UDFImpl.java:215):215
	at railo.runtime.type.UDFImpl._call(UDFImpl.java:434):434
	at railo.runtime.type.UDFImpl.callWithNamedValues(UDFImpl.java:377):377
	at railo.runtime.util.VariableUtilImpl.callFunctionWithNamedValues(VariableUtilImpl.java:774):774
	at railo.runtime.PageContextImpl.getFunctionWithNamedValues(PageContextImpl.java:1495):1495
	at wheels.controller.rendering_cfm$cf._2(/Users/andy/Sites/Cows/mycleancampus/wheels/controller/rendering.cfm:498):498
	at wheels.controller.rendering_cfm$cf.udfCall(/Users/andy/Sites/Cows/mycleancampus/wheels/controller/rendering.cfm):-1
	at railo.runtime.type.UDFImpl.implementation(UDFImpl.java:215):215
	at railo.runtime.type.UDFImpl._call(UDFImpl.java:434):434
	at railo.runtime.type.UDFImpl.callWithNamedValues(UDFImpl.java:377):377
	at railo.runtime.util.VariableUtilImpl.callFunctionWithNamedValues(VariableUtilImpl.java:774):774
	at railo.runtime.PageContextImpl.getFunctionWithNamedValues(PageContextImpl.java:1495):1495
	at wheels.controller.rendering_cfm$cf._1(/Users/andy/Sites/Cows/mycleancampus/wheels/controller/rendering.cfm:257):257
	at wheels.controller.rendering_cfm$cf.udfCall(/Users/andy/Sites/Cows/mycleancampus/wheels/controller/rendering.cfm):-1
	at railo.runtime.type.UDFImpl.implementation(UDFImpl.java:215):215
	at railo.runtime.type.UDFImpl._call(UDFImpl.java:434):434
	at railo.runtime.type.UDFImpl.callWithNamedValues(UDFImpl.java:377):377
	at railo.runtime.util.VariableUtilImpl.callFunctionWithNamedValues(VariableUtilImpl.java:774):774
	at railo.runtime.PageContextImpl.getFunctionWithNamedValues(PageContextImpl.java:1495):1495
	at wheels.controller.rendering_cfm$cf._1(/Users/andy/Sites/Cows/mycleancampus/wheels/controller/rendering.cfm:68):68
	at wheels.controller.rendering_cfm$cf.udfCall(/Users/andy/Sites/Cows/mycleancampus/wheels/controller/rendering.cfm):-1
	at railo.runtime.type.UDFImpl.implementation(UDFImpl.java:215):215
	at railo.runtime.type.UDFImpl._call(UDFImpl.java:434):434
	at railo.runtime.type.UDFImpl.call(UDFImpl.java:384):384
	at railo.runtime.util.VariableUtilImpl.callFunctionWithoutNamedValues(VariableUtilImpl.java:738):738
	at railo.runtime.PageContextImpl.getFunction(PageContextImpl.java:1480):1480
	at wheels.controller.processing_cfm$cf.udfCall(/Users/andy/Sites/Cows/mycleancampus/wheels/controller/processing.cfm:99):99
	at railo.runtime.type.UDFImpl.implementation(UDFImpl.java:215):215
	at railo.runtime.type.UDFImpl._call(UDFImpl.java:434):434
	at railo.runtime.type.UDFImpl.callWithNamedValues(UDFImpl.java:377):377
	at railo.runtime.util.VariableUtilImpl.callFunctionWithNamedValues(VariableUtilImpl.java:774):774
	at railo.runtime.PageContextImpl.getFunctionWithNamedValues(PageContextImpl.java:1495):1495
	at wheels.controller.processing_cfm$cf.udfCall(/Users/andy/Sites/Cows/mycleancampus/wheels/controller/processing.cfm:60):60
	at railo.runtime.type.UDFImpl.implementation(UDFImpl.java:215):215
	at railo.runtime.type.UDFImpl._call(UDFImpl.java:434):434
	at railo.runtime.type.UDFImpl.call(UDFImpl.java:384):384
	at railo.runtime.ComponentImpl._call(ComponentImpl.java:615):615
	at railo.runtime.ComponentImpl._call(ComponentImpl.java:502):502
	at railo.runtime.ComponentImpl.call(ComponentImpl.java:1815):1815
	at railo.runtime.util.VariableUtilImpl.callFunctionWithoutNamedValues(VariableUtilImpl.java:733):733
	at railo.runtime.PageContextImpl.getFunction(PageContextImpl.java:1480):1480
	at wheels.dispatch.request_cfm$cf._1(/Users/andy/Sites/Cows/mycleancampus/wheels/dispatch/request.cfm:167):167
	at wheels.dispatch.request_cfm$cf.udfCall(/Users/andy/Sites/Cows/mycleancampus/wheels/dispatch/request.cfm):-1
	at railo.runtime.type.UDFImpl.implementation(UDFImpl.java:215):215
	at railo.runtime.type.UDFImpl._call(UDFImpl.java:434):434
	at railo.runtime.type.UDFImpl.call(UDFImpl.java:384):384
	at railo.runtime.ComponentImpl._call(ComponentImpl.java:615):615
	at railo.runtime.ComponentImpl._call(ComponentImpl.java:502):502
	at railo.runtime.ComponentImpl.call(ComponentImpl.java:1815):1815
	at railo.runtime.util.VariableUtilImpl.callFunctionWithoutNamedValues(VariableUtilImpl.java:733):733
	at railo.runtime.PageContextImpl.getFunction(PageContextImpl.java:1480):1480
	at wheels.index_cfm$cf.call(/Users/andy/Sites/Cows/mycleancampus/wheels/index.cfm:1):1
	at railo.runtime.PageContextImpl.doInclude(PageContextImpl.java:799):799
	at railo.runtime.PageContextImpl.doInclude(PageContextImpl.java:746):746
	at rewrite_cfm$cf.call(/Users/andy/Sites/Cows/mycleancampus/rewrite.cfm:1):1
	at railo.runtime.PageContextImpl.doInclude(PageContextImpl.java:799):799
	at railo.runtime.PageContextImpl.doInclude(PageContextImpl.java:746):746
	at wheels.events.onrequest_cfm$cf.udfCall(/Users/andy/Sites/Cows/mycleancampus/wheels/events/onrequest.cfm:1):1
	at railo.runtime.type.UDFImpl.implementation(UDFImpl.java:215):215
	at railo.runtime.type.UDFImpl._call(UDFImpl.java:434):434
	at railo.runtime.type.UDFImpl.call(UDFImpl.java:384):384
	at railo.runtime.ComponentImpl._call(ComponentImpl.java:615):615
	at railo.runtime.ComponentImpl._call(ComponentImpl.java:502):502
	at railo.runtime.ComponentImpl.call(ComponentImpl.java:1815):1815
	at railo.runtime.listener.ModernAppListener.call(ModernAppListener.java:349):349
	at railo.runtime.listener.ModernAppListener._onRequest(ModernAppListener.java:174):174
	at railo.runtime.listener.MixedAppListener.onRequest(MixedAppListener.java:23):23
	at railo.runtime.PageContextImpl.execute(PageContextImpl.java:2035):2035
	at railo.runtime.PageContextImpl.execute(PageContextImpl.java:2002):2002
	at railo.runtime.engine.CFMLEngineImpl.serviceCFML(CFMLEngineImpl.java:297):297
	at railo.loader.servlet.CFMLServlet.service(CFMLServlet.java:32):32
	at javax.servlet.http.HttpServlet.service(HttpServlet.java:96):96
	at com.caucho.server.dispatch.ServletFilterChain.doFilter(ServletFilterChain.java:109):109
	at com.caucho.server.webapp.DispatchFilterChain.doFilter(DispatchFilterChain.java:126):126
	at com.caucho.server.dispatch.ServletInvocation.service(ServletInvocation.java:289):289
	at com.caucho.server.webapp.RequestDispatcherImpl.forward(RequestDispatcherImpl.java:298):298
	at com.caucho.server.webapp.RequestDispatcherImpl.forward(RequestDispatcherImpl.java:116):116
	at com.caucho.server.dispatch.ForwardFilterChain.doFilter(ForwardFilterChain.java:95):95
	at com.caucho.server.webapp.WebAppFilterChain.doFilter(WebAppFilterChain.java:156):156
	at com.caucho.server.webapp.AccessLogFilterChain.doFilter(AccessLogFilterChain.java:95):95
	at com.caucho.server.dispatch.ServletInvocation.service(ServletInvocation.java:289):289
	at com.caucho.server.http.HttpRequest.handleRequest(HttpRequest.java:811):811
	at com.caucho.network.listen.TcpSocketLink.dispatchRequest(TcpSocketLink.java:1203):1203
	at com.caucho.network.listen.TcpSocketLink.handleRequest(TcpSocketLink.java:1164):1164
	at com.caucho.network.listen.TcpSocketLink.handleRequestsImpl(TcpSocketLink.java:1148):1148
	at com.caucho.network.listen.TcpSocketLink.handleRequests(TcpSocketLink.java:1071):1071
	at com.caucho.network.listen.TcpSocketLink.handleAcceptTask(TcpSocketLink.java:907):907
	at com.caucho.network.listen.AcceptTask.doTask(AcceptTask.java:74):74
	at com.caucho.network.listen.ConnectionTask.runThread(ConnectionTask.java:97):97
	at com.caucho.network.listen.ConnectionTask.run(ConnectionTask.java:80):80
	at com.caucho.network.listen.AcceptTask.run(AcceptTask.java:59):59
	at com.caucho.env.thread.ResinThread.runTasks(ResinThread.java:164):164
	at com.caucho.env.thread.ResinThread.run(ResinThread.java:130):130
"
